<?xml version="1.0" encoding="UTF-8"?>
<!-- Generated by org.testng.reporters.JUnitXMLReporter -->
<testsuite ignored="2" hostname="DESKTOP-86HP7BJ" failures="0" tests="1" name="Default test" time="38.159" errors="0" timestamp="2023-10-02T12:48:30 IST">
  <testcase classname="com.qa.testLayer.Test_SelPract" name="TC02_Wait" time="22.465"/>
  <testcase classname="com.qa.testLayer.Test_SelPract" name="TC03_WindoHandle" time="0.0">
    <ignored/>
  </testcase> <!-- TC03_WindoHandle -->
  <testcase classname="com.qa.testLayer.Test_SelPract" name="TC01_DropDown" time="0.0">
    <ignored/>
  </testcase> <!-- TC01_DropDown -->
</testsuite> <!-- Default test -->
