<?xml version="1.0" encoding="UTF-8"?>
<!-- Generated by org.testng.reporters.JUnitXMLReporter -->
<testsuite ignored="3" hostname="DESKTOP-86HP7BJ" failures="0" tests="1" name="Default test" time="24.927" errors="0" timestamp="2023-10-03T16:40:29 IST">
  <testcase classname="com.qa.testLayer.Test_SelPract" name="TC03_googleSearch" time="19.257"/>
  <testcase classname="com.qa.testLayer.Test_SelPract" name="TC03_WindoHandle" time="0.0">
    <ignored/>
  </testcase> <!-- TC03_WindoHandle -->
  <testcase classname="com.qa.testLayer.Test_SelPract" name="TC02_Wait" time="0.0">
    <ignored/>
  </testcase> <!-- TC02_Wait -->
  <testcase classname="com.qa.testLayer.Test_SelPract" name="TC01_DropDown" time="0.0">
    <ignored/>
  </testcase> <!-- TC01_DropDown -->
</testsuite> <!-- Default test -->
