<?xml version="1.0" encoding="UTF-8"?>
<testng-results ignored="3" total="4" passed="1" failed="0" skipped="0">
  <reporter-output>
  </reporter-output>
  <suite started-at="2023-10-03T16:30:32 IST" name="Default suite" finished-at="2023-10-03T16:30:58 IST" duration-ms="25338">
    <groups>
    </groups>
    <test started-at="2023-10-03T16:30:32 IST" name="Default test" finished-at="2023-10-03T16:30:58 IST" duration-ms="25338">
      <class name="com.qa.testLayer.Test_SelPract">
        <test-method is-config="true" signature="setup()[pri:0, instance:com.qa.testLayer.Test_SelPract@3a44431a]" started-at="2023-10-03T16:30:32 IST" name="setup" finished-at="2023-10-03T16:30:38 IST" duration-ms="5342" status="PASS">
          <reporter-output>
          </reporter-output>
        </test-method> <!-- setup -->
        <test-method signature="TC03_googleSearch()[pri:0, instance:com.qa.testLayer.Test_SelPract@3a44431a]" started-at="2023-10-03T16:30:38 IST" name="TC03_googleSearch" finished-at="2023-10-03T16:30:57 IST" duration-ms="19618" status="PASS">
          <reporter-output>
          </reporter-output>
        </test-method> <!-- TC03_googleSearch -->
        <test-method is-config="true" signature="tearDown()[pri:0, instance:com.qa.testLayer.Test_SelPract@3a44431a]" started-at="2023-10-03T16:30:57 IST" name="tearDown" finished-at="2023-10-03T16:30:58 IST" duration-ms="314" status="PASS">
          <reporter-output>
          </reporter-output>
        </test-method> <!-- tearDown -->
      </class> <!-- com.qa.testLayer.Test_SelPract -->
    </test> <!-- Default test -->
  </suite> <!-- Default suite -->
</testng-results>
