<?xml version="1.0" encoding="UTF-8"?>
<testng-results ignored="2" total="3" passed="1" failed="0" skipped="0">
  <reporter-output>
  </reporter-output>
  <suite started-at="2023-10-02T17:19:21 IST" name="Default suite" finished-at="2023-10-02T17:20:07 IST" duration-ms="46341">
    <groups>
    </groups>
    <test started-at="2023-10-02T17:19:21 IST" name="Default test" finished-at="2023-10-02T17:20:07 IST" duration-ms="46341">
      <class name="com.qa.testLayer.Test_SelPract">
        <test-method is-config="true" signature="setup()[pri:0, instance:com.qa.testLayer.Test_SelPract@3ee37e5a]" started-at="2023-10-02T17:19:21 IST" name="setup" finished-at="2023-10-02T17:19:44 IST" duration-ms="22940" status="PASS">
          <reporter-output>
          </reporter-output>
        </test-method> <!-- setup -->
        <test-method signature="TC02_Wait()[pri:0, instance:com.qa.testLayer.Test_SelPract@3ee37e5a]" started-at="2023-10-02T17:19:44 IST" name="TC02_Wait" finished-at="2023-10-02T17:20:06 IST" duration-ms="22342" status="PASS">
          <reporter-output>
          </reporter-output>
        </test-method> <!-- TC02_Wait -->
        <test-method is-config="true" signature="tearDown()[pri:0, instance:com.qa.testLayer.Test_SelPract@3ee37e5a]" started-at="2023-10-02T17:20:06 IST" name="tearDown" finished-at="2023-10-02T17:20:07 IST" duration-ms="1014" status="PASS">
          <reporter-output>
          </reporter-output>
        </test-method> <!-- tearDown -->
      </class> <!-- com.qa.testLayer.Test_SelPract -->
    </test> <!-- Default test -->
  </suite> <!-- Default suite -->
</testng-results>
